Performing C++ SOURCE FILE Test CMAKE_HAVE_LIBC_PTHREAD failed with the following output:
Change Dir: /data01/home/lumeijun/dsm/build/CMakeFiles/CMakeTmp

Run Build Command(s):/usr/bin/make cmTC_c6b2b/fast && /usr/bin/make  -f CMakeFiles/cmTC_c6b2b.dir/build.make CMakeFiles/cmTC_c6b2b.dir/build
make[1]: Entering directory '/data01/home/lumeijun/dsm/build/CMakeFiles/CMakeTmp'
Building CXX object CMakeFiles/cmTC_c6b2b.dir/src.cxx.o
/usr/bin/c++ -DCMAKE_HAVE_LIBC_PTHREAD  -std=gnu++11 -o CMakeFiles/cmTC_c6b2b.dir/src.cxx.o -c /data01/home/lumeijun/dsm/build/CMakeFiles/CMakeTmp/src.cxx
Linking CXX executable cmTC_c6b2b
/data01/home/lumeijun/miniconda3/envs/dsm/bin/cmake -E cmake_link_script CMakeFiles/cmTC_c6b2b.dir/link.txt --verbose=1
/usr/bin/c++ CMakeFiles/cmTC_c6b2b.dir/src.cxx.o -o cmTC_c6b2b 
/usr/bin/ld: CMakeFiles/cmTC_c6b2b.dir/src.cxx.o: in function `main':
src.cxx:(.text+0x2f): undefined reference to `pthread_create'
/usr/bin/ld: src.cxx:(.text+0x3b): undefined reference to `pthread_detach'
/usr/bin/ld: src.cxx:(.text+0x47): undefined reference to `pthread_cancel'
/usr/bin/ld: src.cxx:(.text+0x58): undefined reference to `pthread_join'
collect2: error: ld returned 1 exit status
make[1]: *** [CMakeFiles/cmTC_c6b2b.dir/build.make:106: cmTC_c6b2b] Error 1
make[1]: Leaving directory '/data01/home/lumeijun/dsm/build/CMakeFiles/CMakeTmp'
make: *** [Makefile:140: cmTC_c6b2b/fast] Error 2


Source file was:
#include <pthread.h>

static void* test_func(void* data)
{
  return data;
}

int main(void)
{
  pthread_t thread;
  pthread_create(&thread, NULL, test_func, NULL);
  pthread_detach(thread);
  pthread_cancel(thread);
  pthread_join(thread, NULL);
  pthread_atfork(NULL, NULL, NULL);
  pthread_exit(NULL);

  return 0;
}

Determining if the function pthread_create exists in the pthreads failed with the following output:
Change Dir: /data01/home/lumeijun/dsm/build/CMakeFiles/CMakeTmp

Run Build Command(s):/usr/bin/make cmTC_b15f4/fast && /usr/bin/make  -f CMakeFiles/cmTC_b15f4.dir/build.make CMakeFiles/cmTC_b15f4.dir/build
make[1]: Entering directory '/data01/home/lumeijun/dsm/build/CMakeFiles/CMakeTmp'
Building CXX object CMakeFiles/cmTC_b15f4.dir/CheckFunctionExists.cxx.o
/usr/bin/c++   -DCHECK_FUNCTION_EXISTS=pthread_create -std=gnu++11 -o CMakeFiles/cmTC_b15f4.dir/CheckFunctionExists.cxx.o -c /data01/home/lumeijun/dsm/build/CMakeFiles/CheckLibraryExists/CheckFunctionExists.cxx
Linking CXX executable cmTC_b15f4
/data01/home/lumeijun/miniconda3/envs/dsm/bin/cmake -E cmake_link_script CMakeFiles/cmTC_b15f4.dir/link.txt --verbose=1
/usr/bin/c++  -DCHECK_FUNCTION_EXISTS=pthread_create CMakeFiles/cmTC_b15f4.dir/CheckFunctionExists.cxx.o -o cmTC_b15f4  -lpthreads 
/usr/bin/ld: cannot find -lpthreads
collect2: error: ld returned 1 exit status
make[1]: *** [CMakeFiles/cmTC_b15f4.dir/build.make:106: cmTC_b15f4] Error 1
make[1]: Leaving directory '/data01/home/lumeijun/dsm/build/CMakeFiles/CMakeTmp'
make: *** [Makefile:140: cmTC_b15f4/fast] Error 2



